
200326 13:31:34 [Warning] Using unique option prefix myisam-recover instead of myisam-recover-options is deprecated and will be removed in a future release. Please use the full name instead.
200326 13:31:34 [Note] Plugin 'FEDERATED' is disabled.
200326 13:31:34 InnoDB: The InnoDB memory heap is disabled
200326 13:31:34 InnoDB: Mutexes and rw_locks use GCC atomic builtins
200326 13:31:34 InnoDB: Compressed tables use zlib 1.2.8
200326 13:31:34 InnoDB: Using Linux native AIO
200326 13:31:34 InnoDB: Initializing buffer pool, size = 32.0M
200326 13:31:34 InnoDB: Completed initialization of buffer pool
200326 13:31:34 InnoDB: highest supported file format is Barracuda.
InnoDB: The log sequence number in ibdata files does not match
InnoDB: the log sequence number in the ib_logfiles!
200326 13:31:34  InnoDB: Database was not shut down normally!
InnoDB: Starting crash recovery.
InnoDB: Reading tablespace information from the .ibd files...
InnoDB: Restoring possible half-written data pages from the doublewrite
InnoDB: buffer...
200326 13:31:36  InnoDB: Waiting for the background threads to start
200326 13:31:37 InnoDB: 5.5.60 started; log sequence number 1595916
200326 13:31:37 [Note] Server hostname (bind-address): '0.0.0.0'; port: 3306
200326 13:31:37 [Note]   - '0.0.0.0' resolves to '0.0.0.0';
200326 13:31:37 [Note] Server socket created on IP: '0.0.0.0'.
200326 13:31:37 [ERROR] /usr/sbin/mysqld: Table './mysql/user' is marked as crashed and should be repaired
200326 13:31:37 [Warning] Checking table:   './mysql/user'
200326 13:31:37 [ERROR] 1 client is using or hasn't closed the table properly
200326 13:31:37 [Note] Event Scheduler: Loaded 0 events
200326 13:31:37 [Note] /usr/sbin/mysqld: ready for connections.
Version: '5.5.60-0+deb8u1'  socket: '/var/run/mysqld/mysqld.sock'  port: 3306  (Debian)
